<?xml version="1.0" encoding="UTF-8"?>
<testng-results skipped="0" failed="1" ignored="0" total="1" passed="0">
  <reporter-output>
  </reporter-output>
  <suite name="Ever Bridge" duration-ms="26029" started-at="2021-05-10T01:46:30Z" finished-at="2021-05-10T01:46:56Z">
    <groups>
    </groups>
    <test name="Contact Happy path" duration-ms="26029" started-at="2021-05-10T01:46:30Z" finished-at="2021-05-10T01:46:56Z">
      <class name="com.everbridge.testcases.ContactTest">
        <test-method status="PASS" signature="setup()[pri:0, instance:com.everbridge.testcases.ContactTest@578486a3]" name="setup" is-config="true" duration-ms="16384" started-at="2021-05-10T01:46:30Z" finished-at="2021-05-10T01:46:46Z">
          <reporter-output>
          </reporter-output>
        </test-method> <!-- setup -->
        <test-method status="FAIL" signature="sendMessage()[pri:0, instance:com.everbridge.testcases.ContactTest@578486a3]" name="sendMessage" duration-ms="8854" started-at="2021-05-10T01:46:46Z" finished-at="2021-05-10T01:46:55Z">
          <exception class="java.lang.AssertionError">
            <message>
              <![CDATA[expected [Your message has been successfully sent to our team.] but found [Your message has been successfully sent to our te.]]]>
            </message>
            <full-stacktrace>
              <![CDATA[java.lang.AssertionError: expected [Your message has been successfully sent to our team.] but found [Your message has been successfully sent to our te.]
at org.testng.Assert.fail(Assert.java:96)
at org.testng.Assert.failNotEquals(Assert.java:776)
at org.testng.Assert.assertEqualsImpl(Assert.java:137)
at org.testng.Assert.assertEquals(Assert.java:118)
at org.testng.Assert.assertEquals(Assert.java:453)
at org.testng.Assert.assertEquals(Assert.java:463)
at com.everbridge.testcases.ContactTest.sendMessage(ContactTest.java:44)
at sun.reflect.NativeMethodAccessorImpl.invoke0(Native Method)
at sun.reflect.NativeMethodAccessorImpl.invoke(NativeMethodAccessorImpl.java:62)
at sun.reflect.DelegatingMethodAccessorImpl.invoke(DelegatingMethodAccessorImpl.java:43)
at java.lang.reflect.Method.invoke(Method.java:498)
at org.testng.internal.MethodInvocationHelper.invokeMethod(MethodInvocationHelper.java:124)
at org.testng.internal.Invoker.invokeMethod(Invoker.java:583)
at org.testng.internal.Invoker.invokeTestMethod(Invoker.java:719)
at org.testng.internal.Invoker.invokeTestMethods(Invoker.java:989)
at org.testng.internal.TestMethodWorker.invokeTestMethods(TestMethodWorker.java:125)
at org.testng.internal.TestMethodWorker.run(TestMethodWorker.java:109)
at org.testng.TestRunner.privateRun(TestRunner.java:648)
at org.testng.TestRunner.run(TestRunner.java:505)
at org.testng.SuiteRunner.runTest(SuiteRunner.java:455)
at org.testng.SuiteRunner.runSequentially(SuiteRunner.java:450)
at org.testng.SuiteRunner.privateRun(SuiteRunner.java:415)
at org.testng.SuiteRunner.run(SuiteRunner.java:364)
at org.testng.SuiteRunnerWorker.runSuite(SuiteRunnerWorker.java:52)
at org.testng.SuiteRunnerWorker.run(SuiteRunnerWorker.java:84)
at org.testng.TestNG.runSuitesSequentially(TestNG.java:1208)
at org.testng.TestNG.runSuitesLocally(TestNG.java:1137)
at org.testng.TestNG.runSuites(TestNG.java:1049)
at org.testng.TestNG.run(TestNG.java:1017)
at org.testng.remote.AbstractRemoteTestNG.run(AbstractRemoteTestNG.java:114)
at org.testng.remote.RemoteTestNG.initAndRun(RemoteTestNG.java:251)
at org.testng.remote.RemoteTestNG.main(RemoteTestNG.java:77)
]]>
            </full-stacktrace>
          </exception> <!-- java.lang.AssertionError -->
          <reporter-output>
          </reporter-output>
        </test-method> <!-- sendMessage -->
        <test-method status="PASS" signature="closeBrowser()[pri:0, instance:com.everbridge.testcases.ContactTest@578486a3]" name="closeBrowser" is-config="true" duration-ms="746" started-at="2021-05-10T01:46:55Z" finished-at="2021-05-10T01:46:56Z">
          <reporter-output>
          </reporter-output>
        </test-method> <!-- closeBrowser -->
      </class> <!-- com.everbridge.testcases.ContactTest -->
    </test> <!-- Contact Happy path -->
  </suite> <!-- Ever Bridge -->
</testng-results>
